Pig Stack Trace
---------------
ERROR 101: file '/usr/lib/pig/piggybank.jar' does not exist.

org.apache.pig.backend.executionengine.ExecException: ERROR 101: file '/usr/lib/pig/piggybank.jar' does not exist.
	at org.apache.pig.impl.io.FileLocalizer.fetchFilesInternal(FileLocalizer.java:821)
	at org.apache.pig.impl.io.FileLocalizer.fetchFiles(FileLocalizer.java:767)
	at org.apache.pig.PigServer.registerJar(PigServer.java:631)
	at org.apache.pig.parser.RegisterResolver.parseRegister(RegisterResolver.java:50)
	at org.apache.pig.tools.grunt.GruntParser.processRegister(GruntParser.java:465)
	at org.apache.pig.tools.pigscript.parser.PigScriptParser.parse(PigScriptParser.java:550)
	at org.apache.pig.tools.grunt.GruntParser.parseStopOnError(GruntParser.java:231)
	at org.apache.pig.tools.grunt.GruntParser.parseStopOnError(GruntParser.java:206)
	at org.apache.pig.tools.grunt.Grunt.exec(Grunt.java:81)
	at org.apache.pig.Main.run(Main.java:501)
	at org.apache.pig.Main.main(Main.java:176)
	at sun.reflect.NativeMethodAccessorImpl.invoke0(Native Method)
	at sun.reflect.NativeMethodAccessorImpl.invoke(NativeMethodAccessorImpl.java:62)
	at sun.reflect.DelegatingMethodAccessorImpl.invoke(DelegatingMethodAccessorImpl.java:43)
	at java.lang.reflect.Method.invoke(Method.java:497)
	at org.apache.hadoop.util.RunJar.run(RunJar.java:234)
	at org.apache.hadoop.util.RunJar.main(RunJar.java:148)
================================================================================
